<?xml version="1.0" encoding="UTF-8"?>
<testsuite xmlns:xsi="http://www.w3.org/2001/XMLSchema-instance" xsi:noNamespaceSchemaLocation="https://maven.apache.org/surefire/maven-surefire-plugin/xsd/surefire-test-report.xsd" name="oop.ica.element2.stockcontrolapp.test.StockControlAppUnitTest" time="34.893" tests="10" errors="0" skipped="0" failures="0">
  <properties>
[...]
</properties>
  <testcase name="buyButtonsJFrame" classname="oop.ica.element2.stockcontrolapp.test.StockControlAppUnitTest" time="2.313"/>
  <testcase name="showStockControlApp" classname="oop.ica.element2.stockcontrolapp.test.StockControlAppUnitTest" time="2.073"/>
  <testcase name="doSellStockWithInValidQuantity" classname="oop.ica.element2.stockcontrolapp.test.StockControlAppUnitTest" time="4.965"/>
  <testcase name="buyJFrameWithValidData" classname="oop.ica.element2.stockcontrolapp.test.StockControlAppUnitTest" time="5.869"/>
  <testcase name="doClickBuyJFrameCancelButton" classname="oop.ica.element2.stockcontrolapp.test.StockControlAppUnitTest" time="2.122"/>
  <testcase name="doSellBtnClick" classname="oop.ica.element2.stockcontrolapp.test.StockControlAppUnitTest" time="2.023"/>
  <testcase name="doSellStockWithValidData" classname="oop.ica.element2.stockcontrolapp.test.StockControlAppUnitTest" time="5.228"/>
  <testcase name="doSellStockWithInValidData" classname="oop.ica.element2.stockcontrolapp.test.StockControlAppUnitTest" time="5.046"/>
  <testcase name="checkingBuyJFrameBuyButton" classname="oop.ica.element2.stockcontrolapp.test.StockControlAppUnitTest" time="2.027"/>
  <testcase name="buyJFrameWithInValidData" classname="oop.ica.element2.stockcontrolapp.test.StockControlAppUnitTest" time="3.19"/>
</testsuite>